# This is the CMakeCache file.
# For build in directory: d:/Project/Application/FaceRecognitionPart/myenv
# It was generated by CMake: C:/Program Files/CMake/bin/cmake.exe
# You can edit this file to change values found and used by cmake.
# If you do not want to change any of the values, simply exit the editor.
# If you do want to change a value, simply edit, save, and exit the editor.
# The syntax for the file is as follows:
# KEY:TYPE=VALUE
# KEY is the name of a variable in the cache.
# TYPE is a hint to GUIs for the type of VALUE, DO NOT EDIT TYPE!.
# VALUE is the current value for the KEY.

########################
# EXTERNAL cache entries
########################

//Build the CMake Curses Dialog ccmake
BUILD_CursesDialog:BOOL=OFF

//Build Qt dialog for CMake
BUILD_QtDialog:BOOL=OFF

//Build the testing tree.
BUILD_TESTING:BOOL=ON

//Path to a program.
CMAKE_AR:FILEPATH=C:/Program Files (x86)/Microsoft Visual Studio/2022/BuildTools/VC/Tools/MSVC/14.37.32822/bin/Hostx64/x64/lib.exe

//Location under install prefix for bin (default "bin")
CMAKE_BIN_DIR:STRING=

//Semicolon separated list of supported configuration types, only
// supports Debug, Release, MinSizeRel, and RelWithDebInfo, anything
// else will be ignored.
CMAKE_CONFIGURATION_TYPES:STRING=Debug;Release;MinSizeRel;RelWithDebInfo

//Flags used by the CXX compiler during all build types.
CMAKE_CXX_FLAGS:STRING=/DWIN32 /D_WINDOWS /EHsc

//Flags used by the CXX compiler during DEBUG builds.
CMAKE_CXX_FLAGS_DEBUG:STRING=/Ob0 /Od /RTC1

//Flags used by the CXX compiler during MINSIZEREL builds.
CMAKE_CXX_FLAGS_MINSIZEREL:STRING=/O1 /Ob1 /DNDEBUG

//Flags used by the CXX compiler during RELEASE builds.
CMAKE_CXX_FLAGS_RELEASE:STRING=/O2 /Ob2 /DNDEBUG

//Flags used by the CXX compiler during RELWITHDEBINFO builds.
CMAKE_CXX_FLAGS_RELWITHDEBINFO:STRING=/O2 /Ob1 /DNDEBUG

//Libraries linked by default with all C++ applications.
CMAKE_CXX_STANDARD_LIBRARIES:STRING=kernel32.lib user32.lib gdi32.lib winspool.lib shell32.lib ole32.lib oleaut32.lib uuid.lib comdlg32.lib advapi32.lib

//Flags used by the C compiler during all build types.
CMAKE_C_FLAGS:STRING=/DWIN32 /D_WINDOWS

//Flags used by the C compiler during DEBUG builds.
CMAKE_C_FLAGS_DEBUG:STRING=/Ob0 /Od /RTC1

//Flags used by the C compiler during MINSIZEREL builds.
CMAKE_C_FLAGS_MINSIZEREL:STRING=/O1 /Ob1 /DNDEBUG

//Flags used by the C compiler during RELEASE builds.
CMAKE_C_FLAGS_RELEASE:STRING=/O2 /Ob2 /DNDEBUG

//Flags used by the C compiler during RELWITHDEBINFO builds.
CMAKE_C_FLAGS_RELWITHDEBINFO:STRING=/O2 /Ob1 /DNDEBUG

//Libraries linked by default with all C applications.
CMAKE_C_STANDARD_LIBRARIES:STRING=kernel32.lib user32.lib gdi32.lib winspool.lib shell32.lib ole32.lib oleaut32.lib uuid.lib comdlg32.lib advapi32.lib

//Location under install prefix for data (default "share/cmake-3.27")
CMAKE_DATA_DIR:STRING=

//Location under install prefix for docs (default "doc/cmake-3.27")
CMAKE_DOC_DIR:STRING=

//Flags used by the linker during all build types.
CMAKE_EXE_LINKER_FLAGS:STRING=/machine:x64

//Flags used by the linker during DEBUG builds.
CMAKE_EXE_LINKER_FLAGS_DEBUG:STRING=/debug /INCREMENTAL

//Flags used by the linker during MINSIZEREL builds.
CMAKE_EXE_LINKER_FLAGS_MINSIZEREL:STRING=/INCREMENTAL:NO

//Flags used by the linker during RELEASE builds.
CMAKE_EXE_LINKER_FLAGS_RELEASE:STRING=/INCREMENTAL:NO

//Flags used by the linker during RELWITHDEBINFO builds.
CMAKE_EXE_LINKER_FLAGS_RELWITHDEBINFO:STRING=/debug /INCREMENTAL

//Value Computed by CMake.
CMAKE_FIND_PACKAGE_REDIRECTS_DIR:STATIC=D:/Project/Application/FaceRecognitionPart/myenv/CMakeFiles/pkgRedirects

//Fortran compiler
CMAKE_Fortran_COMPILER:FILEPATH=NOTFOUND

//Fortran compiler Id
CMAKE_Fortran_COMPILER_ID:STRING=

//Fortran compiler supports F90
CMAKE_Fortran_COMPILER_SUPPORTS_F90:BOOL=OFF

//Fortran flags
CMAKE_Fortran_FLAGS:STRING=

//Location under install prefix for Info manual (default "info")
CMAKE_INFO_DIR:STRING=

//Install Microsoft runtime debug libraries with CMake.
CMAKE_INSTALL_DEBUG_LIBRARIES:BOOL=OFF

//Install path prefix, prepended onto install directories.
CMAKE_INSTALL_PREFIX:PATH=C:/Program Files (x86)/CMake

//Path to a program.
CMAKE_LINKER:FILEPATH=C:/Program Files (x86)/Microsoft Visual Studio/2022/BuildTools/VC/Tools/MSVC/14.37.32822/bin/Hostx64/x64/link.exe

//Location under install prefix for man pages (default "man")
CMAKE_MAN_DIR:STRING=

//Flags used by the linker during the creation of modules during
// all build types.
CMAKE_MODULE_LINKER_FLAGS:STRING=/machine:x64

//Flags used by the linker during the creation of modules during
// DEBUG builds.
CMAKE_MODULE_LINKER_FLAGS_DEBUG:STRING=/debug /INCREMENTAL

//Flags used by the linker during the creation of modules during
// MINSIZEREL builds.
CMAKE_MODULE_LINKER_FLAGS_MINSIZEREL:STRING=/INCREMENTAL:NO

//Flags used by the linker during the creation of modules during
// RELEASE builds.
CMAKE_MODULE_LINKER_FLAGS_RELEASE:STRING=/INCREMENTAL:NO

//Flags used by the linker during the creation of modules during
// RELWITHDEBINFO builds.
CMAKE_MODULE_LINKER_FLAGS_RELWITHDEBINFO:STRING=/debug /INCREMENTAL

//Path to a program.
CMAKE_MT:FILEPATH=CMAKE_MT-NOTFOUND

//Value Computed by CMake
CMAKE_PROJECT_DESCRIPTION:STATIC=

//Value Computed by CMake
CMAKE_PROJECT_HOMEPAGE_URL:STATIC=

//Value Computed by CMake
CMAKE_PROJECT_NAME:STATIC=CMake

//RC compiler
CMAKE_RC_COMPILER:FILEPATH=rc

//Flags for Windows Resource Compiler during all build types.
CMAKE_RC_FLAGS:STRING=-DWIN32

//Flags for Windows Resource Compiler during DEBUG builds.
CMAKE_RC_FLAGS_DEBUG:STRING=-D_DEBUG

//Flags for Windows Resource Compiler during MINSIZEREL builds.
CMAKE_RC_FLAGS_MINSIZEREL:STRING=

//Flags for Windows Resource Compiler during RELEASE builds.
CMAKE_RC_FLAGS_RELEASE:STRING=

//Flags for Windows Resource Compiler during RELWITHDEBINFO builds.
CMAKE_RC_FLAGS_RELWITHDEBINFO:STRING=

//Should the long tests be run (such as Bootstrap).
CMAKE_RUN_LONG_TESTS:BOOL=ON

//Flags used by the linker during the creation of shared libraries
// during all build types.
CMAKE_SHARED_LINKER_FLAGS:STRING=/machine:x64

//Flags used by the linker during the creation of shared libraries
// during DEBUG builds.
CMAKE_SHARED_LINKER_FLAGS_DEBUG:STRING=/debug /INCREMENTAL

//Flags used by the linker during the creation of shared libraries
// during MINSIZEREL builds.
CMAKE_SHARED_LINKER_FLAGS_MINSIZEREL:STRING=/INCREMENTAL:NO

//Flags used by the linker during the creation of shared libraries
// during RELEASE builds.
CMAKE_SHARED_LINKER_FLAGS_RELEASE:STRING=/INCREMENTAL:NO

//Flags used by the linker during the creation of shared libraries
// during RELWITHDEBINFO builds.
CMAKE_SHARED_LINKER_FLAGS_RELWITHDEBINFO:STRING=/debug /INCREMENTAL

//If set, runtime paths are not added when installing shared libraries,
// but are added when building.
CMAKE_SKIP_INSTALL_RPATH:BOOL=OFF

//If set, runtime paths are not added when using shared libraries.
CMAKE_SKIP_RPATH:BOOL=OFF

//Flags used by the linker during the creation of static libraries
// during all build types.
CMAKE_STATIC_LINKER_FLAGS:STRING=/machine:x64

//Flags used by the linker during the creation of static libraries
// during DEBUG builds.
CMAKE_STATIC_LINKER_FLAGS_DEBUG:STRING=

//Flags used by the linker during the creation of static libraries
// during MINSIZEREL builds.
CMAKE_STATIC_LINKER_FLAGS_MINSIZEREL:STRING=

//Flags used by the linker during the creation of static libraries
// during RELEASE builds.
CMAKE_STATIC_LINKER_FLAGS_RELEASE:STRING=

//Flags used by the linker during the creation of static libraries
// during RELWITHDEBINFO builds.
CMAKE_STATIC_LINKER_FLAGS_RELWITHDEBINFO:STRING=

//Enable folder grouping of projects in IDEs.
CMAKE_USE_FOLDERS:BOOL=ON

//Use OpenSSL.
CMAKE_USE_OPENSSL:BOOL=OFF

//Use system-installed bzip2
CMAKE_USE_SYSTEM_BZIP2:BOOL=OFF

//Use system-installed cppdap
CMAKE_USE_SYSTEM_CPPDAP:BOOL=OFF

//Use system-installed curl
CMAKE_USE_SYSTEM_CURL:BOOL=OFF

//Use system-installed expat
CMAKE_USE_SYSTEM_EXPAT:BOOL=OFF

//Use system-installed libform
CMAKE_USE_SYSTEM_FORM:BOOL=OFF

//Use system-installed jsoncpp
CMAKE_USE_SYSTEM_JSONCPP:BOOL=OFF

//Use system-installed KWIML
CMAKE_USE_SYSTEM_KWIML:BOOL=OFF

//Use system-installed libarchive
CMAKE_USE_SYSTEM_LIBARCHIVE:BOOL=OFF

//Use system-installed liblzma
CMAKE_USE_SYSTEM_LIBLZMA:BOOL=OFF

//Use system-installed librhash
CMAKE_USE_SYSTEM_LIBRHASH:BOOL=OFF

//Use system-installed libuv
CMAKE_USE_SYSTEM_LIBUV:BOOL=OFF

//Use system-installed nghttp2
CMAKE_USE_SYSTEM_NGHTTP2:BOOL=OFF

//Use system-installed zlib
CMAKE_USE_SYSTEM_ZLIB:BOOL=OFF

//Use system-installed zstd
CMAKE_USE_SYSTEM_ZSTD:BOOL=OFF

//If this value is on, makefiles will be generated without the
// .SILENT directive, and all commands will be echoed to the console
// during the make.  This is useful for debugging only. With Visual
// Studio IDE projects all commands are done without /nologo.
CMAKE_VERBOSE_MAKEFILE:BOOL=OFF

//Location under install prefix for XDG specific files (default
// "share")
CMAKE_XDGDATA_DIR:STRING=

//Value Computed by CMake
CMLIBLZMA_BINARY_DIR:STATIC=D:/Project/Application/FaceRecognitionPart/myenv/Utilities/cmliblzma

//Value Computed by CMake
CMLIBLZMA_IS_TOP_LEVEL:STATIC=OFF

//Value Computed by CMake
CMLIBLZMA_SOURCE_DIR:STATIC=D:/Project/Application/FaceRecognitionPart/cmake-3.27.7/Utilities/cmliblzma

//Value Computed by CMake
CMakeDeveloperReference_BINARY_DIR:STATIC=D:/Project/Application/FaceRecognitionPart/myenv/Utilities/Doxygen

//Value Computed by CMake
CMakeDeveloperReference_IS_TOP_LEVEL:STATIC=OFF

//Value Computed by CMake
CMakeDeveloperReference_SOURCE_DIR:STATIC=D:/Project/Application/FaceRecognitionPart/cmake-3.27.7/Utilities/Doxygen

//Value Computed by CMake
CMakeHelp_BINARY_DIR:STATIC=D:/Project/Application/FaceRecognitionPart/myenv/Utilities/Sphinx

//Value Computed by CMake
CMakeHelp_IS_TOP_LEVEL:STATIC=OFF

//Value Computed by CMake
CMakeHelp_SOURCE_DIR:STATIC=D:/Project/Application/FaceRecognitionPart/cmake-3.27.7/Utilities/Sphinx

//Value Computed by CMake
CMake_BINARY_DIR:STATIC=D:/Project/Application/FaceRecognitionPart/myenv

//Build CMake Developer Reference
CMake_BUILD_DEVELOPER_REFERENCE:BOOL=OFF

//Compile CMake with link-time optimization if supported
CMake_BUILD_LTO:BOOL=OFF

//Using components when installing
CMake_INSTALL_COMPONENTS:BOOL=OFF

//Whether to install 3rd-party runtime dependencies
CMake_INSTALL_DEPENDENCIES:BOOL=OFF

//Intermediate installation path (empty by default)
CMake_INSTALL_INFIX:STRING=

//Value Computed by CMake
CMake_IS_TOP_LEVEL:STATIC=ON

//Enables /MP flag for parallel builds using MSVC. Specify an integer
// value to control the number of threads used (Only works on some
// older versions of Visual Studio). Setting to ON lets the toolchain
// decide how many threads to use. Set to OFF to disable /MP completely.
CMake_MSVC_PARALLEL:STRING=ON

//Run clang-tidy with the compiler.
CMake_RUN_CLANG_TIDY:BOOL=OFF

//Run include-what-you-use with the compiler.
CMake_RUN_IWYU:BOOL=OFF

//Value Computed by CMake
CMake_SOURCE_DIR:STATIC=D:/Project/Application/FaceRecognitionPart/cmake-3.27.7

//Test CMake Installation
CMake_TEST_INSTALL:BOOL=OFF

//Path to the coverage program that CTest uses for performing coverage
// inspection
COVERAGE_COMMAND:FILEPATH=COVERAGE_COMMAND-NOTFOUND

//Extra command line flags to pass to the coverage tool
COVERAGE_EXTRA_FLAGS:STRING=-l

//Enable to build 7-Zip packages
CPACK_BINARY_7Z:BOOL=OFF

//Enable to build IFW packages
CPACK_BINARY_IFW:BOOL=OFF

//Enable to build Inno Setup packages
CPACK_BINARY_INNOSETUP:BOOL=OFF

//Enable to build NSIS packages
CPACK_BINARY_NSIS:BOOL=ON

//Enable to build NuGet packages
CPACK_BINARY_NUGET:BOOL=OFF

//Enable to build WiX packages
CPACK_BINARY_WIX:BOOL=OFF

//Enable to build ZIP packages
CPACK_BINARY_ZIP:BOOL=OFF

//Add FreeBSD pkg(8) generator to CPack.
CPACK_ENABLE_FREEBSD_PKG:BOOL=OFF

//Path to a program.
CPACK_OBJDUMP_EXECUTABLE:FILEPATH=CPACK_OBJDUMP_EXECUTABLE-NOTFOUND

//Path to a program.
CPACK_READELF_EXECUTABLE:FILEPATH=CPACK_READELF_EXECUTABLE-NOTFOUND

//Enable to build 7-Zip source packages
CPACK_SOURCE_7Z:BOOL=ON

//Enable to build ZIP source packages
CPACK_SOURCE_ZIP:BOOL=ON

//How many times to retry timed-out CTest submissions.
CTEST_SUBMIT_RETRY_COUNT:STRING=3

//How long to wait between timed-out CTest submissions.
CTEST_SUBMIT_RETRY_DELAY:STRING=5

//Should the tests that use '--build-target package' be run?
CTEST_TEST_CPACK:BOOL=ON

//Should the tests that run a full sub ctest process be run?
CTEST_TEST_CTEST:BOOL=OFF

//Value Computed by CMake
CURL_BINARY_DIR:STATIC=D:/Project/Application/FaceRecognitionPart/myenv/Utilities/cmcurl

//Value Computed by CMake
CURL_IS_TOP_LEVEL:STATIC=OFF

//Value Computed by CMake
CURL_SOURCE_DIR:STATIC=D:/Project/Application/FaceRecognitionPart/cmake-3.27.7/Utilities/cmcurl

//Path to a program.
CVS_EXECUTABLE:FILEPATH=CVS_EXECUTABLE-NOTFOUND

//Maximum time allowed before CTest will kill the test.
DART_TESTING_TIMEOUT:STRING=1500

//Path to a program.
DPKG_EXECUTABLE:FILEPATH=DPKG_EXECUTABLE-NOTFOUND

//Path to a program.
FAKEROOT_EXECUTABLE:FILEPATH=FAKEROOT_EXECUTABLE-NOTFOUND

//Path to a program.
GIT_EXECUTABLE:FILEPATH=C:/Program Files/Git/cmd/git.exe

//Path to a program.
HG_EXECUTABLE:FILEPATH=HG_EXECUTABLE-NOTFOUND

//Path to a file.
JNI_H:FILEPATH=C:/Program Files/Microsoft/jdk-11.0.16.101-hotspot/include/jni.h

//Path to a program.
Java_IDLJ_EXECUTABLE:FILEPATH=Java_IDLJ_EXECUTABLE-NOTFOUND

//Path to a program.
Java_JARSIGNER_EXECUTABLE:FILEPATH=C:/Program Files/Microsoft/jdk-11.0.16.101-hotspot/bin/jarsigner.exe

//Path to a program.
Java_JAR_EXECUTABLE:FILEPATH=C:/Program Files/Microsoft/jdk-11.0.16.101-hotspot/bin/jar.exe

//Path to a program.
Java_JAVAC_EXECUTABLE:FILEPATH=C:/Program Files/Microsoft/jdk-11.0.16.101-hotspot/bin/javac.exe

//Path to a program.
Java_JAVADOC_EXECUTABLE:FILEPATH=C:/Program Files/Microsoft/jdk-11.0.16.101-hotspot/bin/javadoc.exe

//Path to a program.
Java_JAVAH_EXECUTABLE:FILEPATH=Java_JAVAH_EXECUTABLE-NOTFOUND

//Path to a program.
Java_JAVA_EXECUTABLE:FILEPATH=C:/Program Files/Microsoft/jdk-11.0.16.101-hotspot/bin/java.exe

//Value Computed by CMake
JsonCpp_BINARY_DIR:STATIC=D:/Project/Application/FaceRecognitionPart/myenv/Utilities/cmjsoncpp

//Value Computed by CMake
JsonCpp_IS_TOP_LEVEL:STATIC=OFF

//Value Computed by CMake
JsonCpp_SOURCE_DIR:STATIC=D:/Project/Application/FaceRecognitionPart/cmake-3.27.7/Utilities/cmjsoncpp

//Command to build the project
MAKECOMMAND:STRING="C:\Program Files\CMake\bin\cmake.exe" --build . --config "${CTEST_CONFIGURATION_TYPE}"

//Path to the memory checking command, used for memory error detection.
MEMORYCHECK_COMMAND:FILEPATH=MEMORYCHECK_COMMAND-NOTFOUND

//File that contains suppressions for the memory checker
MEMORYCHECK_SUPPRESSIONS_FILE:FILEPATH=

//makensis program location
NSIS_MAKENSIS_EXECUTABLE:FILEPATH=NSIS_MAKENSIS_EXECUTABLE-NOTFOUND

//Path to a program.
NUGET_EXECUTABLE:FILEPATH=NUGET_EXECUTABLE-NOTFOUND

//Arguments to supply to pkg-config
PKG_CONFIG_ARGN:STRING=

//pkg-config executable
PKG_CONFIG_EXECUTABLE:FILEPATH=PKG_CONFIG_EXECUTABLE-NOTFOUND

QT_QMAKE_EXECUTABLE:FILEPATH=NOTFOUND

//The directory containing a CMake configuration file for Qt5Core.
Qt5Core_DIR:PATH=Qt5Core_DIR-NOTFOUND

//The directory containing a CMake configuration file for Qt5Widgets.
Qt5Widgets_DIR:PATH=Qt5Widgets_DIR-NOTFOUND

//The directory containing a CMake configuration file for Qt6Widgets.
Qt6Widgets_DIR:PATH=Qt6Widgets_DIR-NOTFOUND

//The directory containing a CMake configuration file for Qt6.
Qt6_DIR:PATH=Qt6_DIR-NOTFOUND

//Path to a file.
RANDOM_FILE:FILEPATH=RANDOM_FILE-NOTFOUND

//Path to a program.
RPMBUILD_EXECUTABLE:FILEPATH=RPMBUILD_EXECUTABLE-NOTFOUND

//Path to a program.
RPM_EXECUTABLE:FILEPATH=RPM_EXECUTABLE-NOTFOUND

//Name of the computer/site where compile is being run
SITE:STRING=DESKTOP-BU7QFI6

//Sphinx Documentation Builder (sphinx-doc.org)
SPHINX_EXECUTABLE:FILEPATH=SPHINX_EXECUTABLE-NOTFOUND

//Flags to pass to sphinx-build
SPHINX_FLAGS:STRING=

//Build html help with Sphinx
SPHINX_HTML:BOOL=OFF

//Build Info manual with Sphinx
SPHINX_INFO:BOOL=OFF

//Build PDF help with Sphinx using LaTeX
SPHINX_LATEXPDF:BOOL=OFF

//Check external links mentioned in documentation
SPHINX_LINKCHECK:BOOL=OFF

//Build man pages with Sphinx
SPHINX_MAN:BOOL=OFF

//Build Qt help with Sphinx
SPHINX_QTHELP:BOOL=OFF

//Build html single page help with Sphinx
SPHINX_SINGLEHTML:BOOL=OFF

//Build text help with Sphinx (not installed)
SPHINX_TEXT:BOOL=OFF

//subversion command line client
Subversion_SVN_EXECUTABLE:FILEPATH=Subversion_SVN_EXECUTABLE-NOTFOUND

//Use msquic library for HTTP/3 support
USE_MSH3:BOOL=OFF

//WiX Toolset light.exe location
WIX_LIGHT_EXECUTABLE:FILEPATH=WIX_LIGHT_EXECUTABLE-NOTFOUND

//Value Computed by CMake
bzip2_BINARY_DIR:STATIC=D:/Project/Application/FaceRecognitionPart/myenv/Utilities/cmbzip2

//Value Computed by CMake
bzip2_IS_TOP_LEVEL:STATIC=OFF

//Value Computed by CMake
bzip2_SOURCE_DIR:STATIC=D:/Project/Application/FaceRecognitionPart/cmake-3.27.7/Utilities/cmbzip2

//Value Computed by CMake
cmsys_BINARY_DIR:STATIC=D:/Project/Application/FaceRecognitionPart/myenv/Source/kwsys

//Value Computed by CMake
cmsys_IS_TOP_LEVEL:STATIC=OFF

//Value Computed by CMake
cmsys_SOURCE_DIR:STATIC=D:/Project/Application/FaceRecognitionPart/cmake-3.27.7/Source/kwsys

//Value Computed by CMake
cmzlib_BINARY_DIR:STATIC=D:/Project/Application/FaceRecognitionPart/myenv/Utilities/cmzlib

//Value Computed by CMake
cmzlib_IS_TOP_LEVEL:STATIC=OFF

//Value Computed by CMake
cmzlib_SOURCE_DIR:STATIC=D:/Project/Application/FaceRecognitionPart/cmake-3.27.7/Utilities/cmzlib

//Value Computed by CMake
libarchive_BINARY_DIR:STATIC=D:/Project/Application/FaceRecognitionPart/myenv/Utilities/cmlibarchive

//Value Computed by CMake
libarchive_IS_TOP_LEVEL:STATIC=OFF

//Value Computed by CMake
libarchive_SOURCE_DIR:STATIC=D:/Project/Application/FaceRecognitionPart/cmake-3.27.7/Utilities/cmlibarchive

//Value Computed by CMake
librhash_BINARY_DIR:STATIC=D:/Project/Application/FaceRecognitionPart/myenv/Utilities/cmlibrhash

//Value Computed by CMake
librhash_IS_TOP_LEVEL:STATIC=OFF

//Value Computed by CMake
librhash_SOURCE_DIR:STATIC=D:/Project/Application/FaceRecognitionPart/cmake-3.27.7/Utilities/cmlibrhash

//Value Computed by CMake
libuv_BINARY_DIR:STATIC=D:/Project/Application/FaceRecognitionPart/myenv/Utilities/cmlibuv

//Value Computed by CMake
libuv_IS_TOP_LEVEL:STATIC=OFF

//Value Computed by CMake
libuv_SOURCE_DIR:STATIC=D:/Project/Application/FaceRecognitionPart/cmake-3.27.7/Utilities/cmlibuv

//Value Computed by CMake
zstd_BINARY_DIR:STATIC=D:/Project/Application/FaceRecognitionPart/myenv/Utilities/cmzstd

//Value Computed by CMake
zstd_IS_TOP_LEVEL:STATIC=OFF

//Value Computed by CMake
zstd_SOURCE_DIR:STATIC=D:/Project/Application/FaceRecognitionPart/cmake-3.27.7/Utilities/cmzstd


########################
# INTERNAL cache entries
########################

//Set to ON to build curl executable.
BUILD_CURL_EXE:INTERNAL=OFF
//No curl dashboard reports
BUILD_DASHBOARD_REPORTS:INTERNAL=OFF
//No curl release/debug dirs
BUILD_RELEASE_DEBUG_DIRS:INTERNAL=OFF
//Build shared libraries
BUILD_SHARED_LIBS:INTERNAL=OFF
//ADVANCED property for variable: CMAKE_AR
CMAKE_AR-ADVANCED:INTERNAL=1
//ADVANCED property for variable: CMAKE_BIN_DIR
CMAKE_BIN_DIR-ADVANCED:INTERNAL=1
//This is the directory where this CMakeCache.txt was created
CMAKE_CACHEFILE_DIR:INTERNAL=d:/Project/Application/FaceRecognitionPart/myenv
//Major version of cmake used to create the current loaded cache
CMAKE_CACHE_MAJOR_VERSION:INTERNAL=3
//Minor version of cmake used to create the current loaded cache
CMAKE_CACHE_MINOR_VERSION:INTERNAL=28
//Patch version of cmake used to create the current loaded cache
CMAKE_CACHE_PATCH_VERSION:INTERNAL=0
//Path to CMake executable.
CMAKE_COMMAND:INTERNAL=C:/Program Files/CMake/bin/cmake.exe
//Path to cpack program executable.
CMAKE_CPACK_COMMAND:INTERNAL=C:/Program Files/CMake/bin/cpack.exe
//ADVANCED property for variable: CMAKE_CTEST_COMMAND
CMAKE_CTEST_COMMAND-ADVANCED:INTERNAL=1
//Path to ctest program executable.
CMAKE_CTEST_COMMAND:INTERNAL=C:/Program Files/CMake/bin/ctest.exe
//ADVANCED property for variable: CMAKE_CXX_FLAGS
CMAKE_CXX_FLAGS-ADVANCED:INTERNAL=1
//ADVANCED property for variable: CMAKE_CXX_FLAGS_DEBUG
CMAKE_CXX_FLAGS_DEBUG-ADVANCED:INTERNAL=1
//ADVANCED property for variable: CMAKE_CXX_FLAGS_MINSIZEREL
CMAKE_CXX_FLAGS_MINSIZEREL-ADVANCED:INTERNAL=1
//ADVANCED property for variable: CMAKE_CXX_FLAGS_RELEASE
CMAKE_CXX_FLAGS_RELEASE-ADVANCED:INTERNAL=1
//ADVANCED property for variable: CMAKE_CXX_FLAGS_RELWITHDEBINFO
CMAKE_CXX_FLAGS_RELWITHDEBINFO-ADVANCED:INTERNAL=1
//ADVANCED property for variable: CMAKE_CXX_STANDARD_LIBRARIES
CMAKE_CXX_STANDARD_LIBRARIES-ADVANCED:INTERNAL=1
//ADVANCED property for variable: CMAKE_C_FLAGS
CMAKE_C_FLAGS-ADVANCED:INTERNAL=1
//ADVANCED property for variable: CMAKE_C_FLAGS_DEBUG
CMAKE_C_FLAGS_DEBUG-ADVANCED:INTERNAL=1
//ADVANCED property for variable: CMAKE_C_FLAGS_MINSIZEREL
CMAKE_C_FLAGS_MINSIZEREL-ADVANCED:INTERNAL=1
//ADVANCED property for variable: CMAKE_C_FLAGS_RELEASE
CMAKE_C_FLAGS_RELEASE-ADVANCED:INTERNAL=1
//ADVANCED property for variable: CMAKE_C_FLAGS_RELWITHDEBINFO
CMAKE_C_FLAGS_RELWITHDEBINFO-ADVANCED:INTERNAL=1
//ADVANCED property for variable: CMAKE_C_STANDARD_LIBRARIES
CMAKE_C_STANDARD_LIBRARIES-ADVANCED:INTERNAL=1
//ADVANCED property for variable: CMAKE_DATA_DIR
CMAKE_DATA_DIR-ADVANCED:INTERNAL=1
//ADVANCED property for variable: CMAKE_DOC_DIR
CMAKE_DOC_DIR-ADVANCED:INTERNAL=1
//Executable file format
CMAKE_EXECUTABLE_FORMAT:INTERNAL=Unknown
//ADVANCED property for variable: CMAKE_EXE_LINKER_FLAGS
CMAKE_EXE_LINKER_FLAGS-ADVANCED:INTERNAL=1
//ADVANCED property for variable: CMAKE_EXE_LINKER_FLAGS_DEBUG
CMAKE_EXE_LINKER_FLAGS_DEBUG-ADVANCED:INTERNAL=1
//ADVANCED property for variable: CMAKE_EXE_LINKER_FLAGS_MINSIZEREL
CMAKE_EXE_LINKER_FLAGS_MINSIZEREL-ADVANCED:INTERNAL=1
//ADVANCED property for variable: CMAKE_EXE_LINKER_FLAGS_RELEASE
CMAKE_EXE_LINKER_FLAGS_RELEASE-ADVANCED:INTERNAL=1
//ADVANCED property for variable: CMAKE_EXE_LINKER_FLAGS_RELWITHDEBINFO
CMAKE_EXE_LINKER_FLAGS_RELWITHDEBINFO-ADVANCED:INTERNAL=1
//Name of external makefile project generator.
CMAKE_EXTRA_GENERATOR:INTERNAL=
//ADVANCED property for variable: CMAKE_Fortran_COMPILER
CMAKE_Fortran_COMPILER-ADVANCED:INTERNAL=1
//ADVANCED property for variable: CMAKE_Fortran_COMPILER_ID
CMAKE_Fortran_COMPILER_ID-ADVANCED:INTERNAL=1
//ADVANCED property for variable: CMAKE_Fortran_COMPILER_SUPPORTS_F90
CMAKE_Fortran_COMPILER_SUPPORTS_F90-ADVANCED:INTERNAL=1
//ADVANCED property for variable: CMAKE_Fortran_FLAGS
CMAKE_Fortran_FLAGS-ADVANCED:INTERNAL=1
//Name of generator.
CMAKE_GENERATOR:INTERNAL=Visual Studio 17 2022
//Generator instance identifier.
CMAKE_GENERATOR_INSTANCE:INTERNAL=C:/Program Files (x86)/Microsoft Visual Studio/2022/BuildTools
//Name of generator platform.
CMAKE_GENERATOR_PLATFORM:INTERNAL=
//Name of generator toolset.
CMAKE_GENERATOR_TOOLSET:INTERNAL=
//Test CMAKE_HAVE_LIBC_PTHREAD
CMAKE_HAVE_LIBC_PTHREAD:INTERNAL=
//Have library pthreads
CMAKE_HAVE_PTHREADS_CREATE:INTERNAL=
//Have library pthread
CMAKE_HAVE_PTHREAD_CREATE:INTERNAL=
//Source directory with the top level CMakeLists.txt file for this
// project
CMAKE_HOME_DIRECTORY:INTERNAL=D:/Project/Application/FaceRecognitionPart/cmake-3.27.7
//ADVANCED property for variable: CMAKE_INFO_DIR
CMAKE_INFO_DIR-ADVANCED:INTERNAL=1
//ADVANCED property for variable: CMAKE_INSTALL_DEBUG_LIBRARIES
CMAKE_INSTALL_DEBUG_LIBRARIES-ADVANCED:INTERNAL=1
//ADVANCED property for variable: CMAKE_LINKER
CMAKE_LINKER-ADVANCED:INTERNAL=1
//ADVANCED property for variable: CMAKE_MAN_DIR
CMAKE_MAN_DIR-ADVANCED:INTERNAL=1
//ADVANCED property for variable: CMAKE_MODULE_LINKER_FLAGS
CMAKE_MODULE_LINKER_FLAGS-ADVANCED:INTERNAL=1
//ADVANCED property for variable: CMAKE_MODULE_LINKER_FLAGS_DEBUG
CMAKE_MODULE_LINKER_FLAGS_DEBUG-ADVANCED:INTERNAL=1
//ADVANCED property for variable: CMAKE_MODULE_LINKER_FLAGS_MINSIZEREL
CMAKE_MODULE_LINKER_FLAGS_MINSIZEREL-ADVANCED:INTERNAL=1
//ADVANCED property for variable: CMAKE_MODULE_LINKER_FLAGS_RELEASE
CMAKE_MODULE_LINKER_FLAGS_RELEASE-ADVANCED:INTERNAL=1
//ADVANCED property for variable: CMAKE_MODULE_LINKER_FLAGS_RELWITHDEBINFO
CMAKE_MODULE_LINKER_FLAGS_RELWITHDEBINFO-ADVANCED:INTERNAL=1
//ADVANCED property for variable: CMAKE_MT
CMAKE_MT-ADVANCED:INTERNAL=1
//number of local generators
CMAKE_NUMBER_OF_MAKEFILES:INTERNAL=34
//Platform information initialized
CMAKE_PLATFORM_INFO_INITIALIZED:INTERNAL=1
//noop for ranlib
CMAKE_RANLIB:INTERNAL=:
//ADVANCED property for variable: CMAKE_RC_COMPILER
CMAKE_RC_COMPILER-ADVANCED:INTERNAL=1
CMAKE_RC_COMPILER_WORKS:INTERNAL=1
//ADVANCED property for variable: CMAKE_RC_FLAGS
CMAKE_RC_FLAGS-ADVANCED:INTERNAL=1
//ADVANCED property for variable: CMAKE_RC_FLAGS_DEBUG
CMAKE_RC_FLAGS_DEBUG-ADVANCED:INTERNAL=1
//ADVANCED property for variable: CMAKE_RC_FLAGS_MINSIZEREL
CMAKE_RC_FLAGS_MINSIZEREL-ADVANCED:INTERNAL=1
//ADVANCED property for variable: CMAKE_RC_FLAGS_RELEASE
CMAKE_RC_FLAGS_RELEASE-ADVANCED:INTERNAL=1
//ADVANCED property for variable: CMAKE_RC_FLAGS_RELWITHDEBINFO
CMAKE_RC_FLAGS_RELWITHDEBINFO-ADVANCED:INTERNAL=1
//Path to CMake installation.
CMAKE_ROOT:INTERNAL=C:/Program Files/CMake/share/cmake-3.28
//ADVANCED property for variable: CMAKE_RUN_LONG_TESTS
CMAKE_RUN_LONG_TESTS-ADVANCED:INTERNAL=1
//ADVANCED property for variable: CMAKE_SHARED_LINKER_FLAGS
CMAKE_SHARED_LINKER_FLAGS-ADVANCED:INTERNAL=1
//ADVANCED property for variable: CMAKE_SHARED_LINKER_FLAGS_DEBUG
CMAKE_SHARED_LINKER_FLAGS_DEBUG-ADVANCED:INTERNAL=1
//ADVANCED property for variable: CMAKE_SHARED_LINKER_FLAGS_MINSIZEREL
CMAKE_SHARED_LINKER_FLAGS_MINSIZEREL-ADVANCED:INTERNAL=1
//ADVANCED property for variable: CMAKE_SHARED_LINKER_FLAGS_RELEASE
CMAKE_SHARED_LINKER_FLAGS_RELEASE-ADVANCED:INTERNAL=1
//ADVANCED property for variable: CMAKE_SHARED_LINKER_FLAGS_RELWITHDEBINFO
CMAKE_SHARED_LINKER_FLAGS_RELWITHDEBINFO-ADVANCED:INTERNAL=1
//ADVANCED property for variable: CMAKE_SKIP_INSTALL_RPATH
CMAKE_SKIP_INSTALL_RPATH-ADVANCED:INTERNAL=1
//ADVANCED property for variable: CMAKE_SKIP_RPATH
CMAKE_SKIP_RPATH-ADVANCED:INTERNAL=1
//ADVANCED property for variable: CMAKE_STATIC_LINKER_FLAGS
CMAKE_STATIC_LINKER_FLAGS-ADVANCED:INTERNAL=1
//ADVANCED property for variable: CMAKE_STATIC_LINKER_FLAGS_DEBUG
CMAKE_STATIC_LINKER_FLAGS_DEBUG-ADVANCED:INTERNAL=1
//ADVANCED property for variable: CMAKE_STATIC_LINKER_FLAGS_MINSIZEREL
CMAKE_STATIC_LINKER_FLAGS_MINSIZEREL-ADVANCED:INTERNAL=1
//ADVANCED property for variable: CMAKE_STATIC_LINKER_FLAGS_RELEASE
CMAKE_STATIC_LINKER_FLAGS_RELEASE-ADVANCED:INTERNAL=1
//ADVANCED property for variable: CMAKE_STATIC_LINKER_FLAGS_RELWITHDEBINFO
CMAKE_STATIC_LINKER_FLAGS_RELWITHDEBINFO-ADVANCED:INTERNAL=1
//ADVANCED property for variable: CMAKE_USE_FOLDERS
CMAKE_USE_FOLDERS-ADVANCED:INTERNAL=1
//ADVANCED property for variable: CMAKE_USE_OPENSSL
CMAKE_USE_OPENSSL-ADVANCED:INTERNAL=1
//ADVANCED property for variable: CMAKE_USE_SYSTEM_KWIML
CMAKE_USE_SYSTEM_KWIML-ADVANCED:INTERNAL=1
//ADVANCED property for variable: CMAKE_VERBOSE_MAKEFILE
CMAKE_VERBOSE_MAKEFILE-ADVANCED:INTERNAL=1
//ADVANCED property for variable: CMAKE_XDGDATA_DIR
CMAKE_XDGDATA_DIR-ADVANCED:INTERNAL=1
//ADVANCED property for variable: CMake_BUILD_DEVELOPER_REFERENCE
CMake_BUILD_DEVELOPER_REFERENCE-ADVANCED:INTERNAL=1
//Result of TRY_COMPILE
CMake_COMPILE_CXX_FILESYSTEM:INTERNAL=TRUE
//TRY_RUN
CMake_HAVE_CXX_FILESYSTEM:INTERNAL=ON
//Result of TRY_COMPILE
CMake_HAVE_CXX_MAKE_UNIQUE:INTERNAL=TRUE
//ADVANCED property for variable: CMake_INSTALL_COMPONENTS
CMake_INSTALL_COMPONENTS-ADVANCED:INTERNAL=1
//ADVANCED property for variable: CMake_INSTALL_DEPENDENCIES
CMake_INSTALL_DEPENDENCIES-ADVANCED:INTERNAL=1
//ADVANCED property for variable: CMake_INSTALL_INFIX
CMake_INSTALL_INFIX-ADVANCED:INTERNAL=1
//Result of try_run()
CMake_RUN_CXX_FILESYSTEM:INTERNAL=0
//ADVANCED property for variable: CMake_TEST_INSTALL
CMake_TEST_INSTALL-ADVANCED:INTERNAL=1
//ADVANCED property for variable: COVERAGE_COMMAND
COVERAGE_COMMAND-ADVANCED:INTERNAL=1
//ADVANCED property for variable: COVERAGE_EXTRA_FLAGS
COVERAGE_EXTRA_FLAGS-ADVANCED:INTERNAL=1
//ADVANCED property for variable: CPACK_BINARY_7Z
CPACK_BINARY_7Z-ADVANCED:INTERNAL=1
//ADVANCED property for variable: CPACK_BINARY_IFW
CPACK_BINARY_IFW-ADVANCED:INTERNAL=1
//ADVANCED property for variable: CPACK_BINARY_INNOSETUP
CPACK_BINARY_INNOSETUP-ADVANCED:INTERNAL=1
//ADVANCED property for variable: CPACK_BINARY_NSIS
CPACK_BINARY_NSIS-ADVANCED:INTERNAL=1
//ADVANCED property for variable: CPACK_BINARY_NUGET
CPACK_BINARY_NUGET-ADVANCED:INTERNAL=1
//ADVANCED property for variable: CPACK_BINARY_WIX
CPACK_BINARY_WIX-ADVANCED:INTERNAL=1
//ADVANCED property for variable: CPACK_BINARY_ZIP
CPACK_BINARY_ZIP-ADVANCED:INTERNAL=1
//ADVANCED property for variable: CPACK_SOURCE_7Z
CPACK_SOURCE_7Z-ADVANCED:INTERNAL=1
//ADVANCED property for variable: CPACK_SOURCE_ZIP
CPACK_SOURCE_ZIP-ADVANCED:INTERNAL=1
//ADVANCED property for variable: CTEST_SUBMIT_RETRY_COUNT
CTEST_SUBMIT_RETRY_COUNT-ADVANCED:INTERNAL=1
//ADVANCED property for variable: CTEST_SUBMIT_RETRY_DELAY
CTEST_SUBMIT_RETRY_DELAY-ADVANCED:INTERNAL=1
//ADVANCED property for variable: CTEST_TEST_CPACK
CTEST_TEST_CPACK-ADVANCED:INTERNAL=1
//ADVANCED property for variable: CTEST_TEST_CTEST
CTEST_TEST_CTEST-ADVANCED:INTERNAL=1
//ADVANCED property for variable: CURL_DISABLE_COOKIES
CURL_DISABLE_COOKIES-ADVANCED:INTERNAL=1
//disables cookies support
CURL_DISABLE_COOKIES:INTERNAL=OFF
//ADVANCED property for variable: CURL_DISABLE_CRYPTO_AUTH
CURL_DISABLE_CRYPTO_AUTH-ADVANCED:INTERNAL=1
//disables cryptographic authentication
CURL_DISABLE_CRYPTO_AUTH:INTERNAL=OFF
//ADVANCED property for variable: CURL_DISABLE_DICT
CURL_DISABLE_DICT-ADVANCED:INTERNAL=1
//disables DICT
CURL_DISABLE_DICT:INTERNAL=ON
//ADVANCED property for variable: CURL_DISABLE_FILE
CURL_DISABLE_FILE-ADVANCED:INTERNAL=1
//disables FILE
CURL_DISABLE_FILE:INTERNAL=OFF
//ADVANCED property for variable: CURL_DISABLE_FTP
CURL_DISABLE_FTP-ADVANCED:INTERNAL=1
//disables FTP
CURL_DISABLE_FTP:INTERNAL=OFF
//ADVANCED property for variable: CURL_DISABLE_GOPHER
CURL_DISABLE_GOPHER-ADVANCED:INTERNAL=1
//disables Gopher
CURL_DISABLE_GOPHER:INTERNAL=ON
//ADVANCED property for variable: CURL_DISABLE_HTTP
CURL_DISABLE_HTTP-ADVANCED:INTERNAL=1
//disables HTTP
CURL_DISABLE_HTTP:INTERNAL=OFF
//ADVANCED property for variable: CURL_DISABLE_IMAP
CURL_DISABLE_IMAP-ADVANCED:INTERNAL=1
//disables IMAP
CURL_DISABLE_IMAP:INTERNAL=ON
//ADVANCED property for variable: CURL_DISABLE_LDAP
CURL_DISABLE_LDAP-ADVANCED:INTERNAL=1
//disables LDAP
CURL_DISABLE_LDAP:INTERNAL=ON
//ADVANCED property for variable: CURL_DISABLE_LDAPS
CURL_DISABLE_LDAPS-ADVANCED:INTERNAL=1
//disables LDAPS
CURL_DISABLE_LDAPS:INTERNAL=ON
//ADVANCED property for variable: CURL_DISABLE_POP3
CURL_DISABLE_POP3-ADVANCED:INTERNAL=1
//disables POP3
CURL_DISABLE_POP3:INTERNAL=ON
//ADVANCED property for variable: CURL_DISABLE_PROXY
CURL_DISABLE_PROXY-ADVANCED:INTERNAL=1
//disables proxy support
CURL_DISABLE_PROXY:INTERNAL=OFF
//ADVANCED property for variable: CURL_DISABLE_RTSP
CURL_DISABLE_RTSP-ADVANCED:INTERNAL=1
//disables RTSP
CURL_DISABLE_RTSP:INTERNAL=ON
//ADVANCED property for variable: CURL_DISABLE_SMTP
CURL_DISABLE_SMTP-ADVANCED:INTERNAL=1
//disables SMTP
CURL_DISABLE_SMTP:INTERNAL=ON
//ADVANCED property for variable: CURL_DISABLE_TELNET
CURL_DISABLE_TELNET-ADVANCED:INTERNAL=1
//disables Telnet
CURL_DISABLE_TELNET:INTERNAL=ON
//ADVANCED property for variable: CURL_DISABLE_TFTP
CURL_DISABLE_TFTP-ADVANCED:INTERNAL=1
//disables TFTP
CURL_DISABLE_TFTP:INTERNAL=ON
//ADVANCED property for variable: CURL_DISABLE_VERBOSE_STRINGS
CURL_DISABLE_VERBOSE_STRINGS-ADVANCED:INTERNAL=1
//disables verbose strings
CURL_DISABLE_VERBOSE_STRINGS:INTERNAL=OFF
//No curl hidden symbols
CURL_HIDDEN_SYMBOLS:INTERNAL=OFF
//Turn on compiler Link Time Optimizations
CURL_LTO:INTERNAL=OFF
//Set to ON to build libcurl with static CRT on Windows (/MT).
CURL_STATIC_CRT:INTERNAL=OFF
//Turn compiler warnings into errors
CURL_WERROR:INTERNAL=OFF
//ADVANCED property for variable: CVS_EXECUTABLE
CVS_EXECUTABLE-ADVANCED:INTERNAL=1
//ADVANCED property for variable: DART_TESTING_TIMEOUT
DART_TESTING_TIMEOUT-ADVANCED:INTERNAL=1
//CHECK_TYPE_SIZE: sizeof(dev_t)
DEV_T:INTERNAL=4
//Curl can use thread-safe functions
DISABLED_THREADSAFE:INTERNAL=OFF
//Set to ON to enable c-ares support
ENABLE_ARES:INTERNAL=OFF
//Set to ON to build with TrackMemory feature enabled
ENABLE_CURLDEBUG:INTERNAL=OFF
//Set to ON to enable curl debug features
ENABLE_DEBUG:INTERNAL=OFF
//Set to OFF to prevent usage of inet_pton when building against
// modern SDKs while still requiring compatibility with older Windows
// versions, such as Windows XP, Windows Server 2003 etc.
ENABLE_INET_PTON:INTERNAL=OFF
//ADVANCED property for variable: ENABLE_IPV6
ENABLE_IPV6-ADVANCED:INTERNAL=1
//Define if you want to enable IPv6 support
ENABLE_IPV6:INTERNAL=ON
//No curl built-in manual
ENABLE_MANUAL:INTERNAL=OFF
//libarchive: No /SAFESEH linker flag
ENABLE_SAFESEH:INTERNAL=
//No curl POSIX threaded DNS lookup
ENABLE_THREADED_RESOLVER:INTERNAL=OFF
//Define if you want Unix domain sockets support
ENABLE_UNIX_SOCKETS:INTERNAL=OFF
//No configurable exe dir.
EXECUTABLE_OUTPUT_PATH:INTERNAL=
//Details about finding BZip2
FIND_PACKAGE_MESSAGE_DETAILS_BZip2:INTERNAL=[cmbzip2][D:/Project/Application/FaceRecognitionPart/cmake-3.27.7/Utilities/cmbzip2][v1.0.8()]
//Details about finding LibLZMA
FIND_PACKAGE_MESSAGE_DETAILS_LibLZMA:INTERNAL=[cmliblzma][D:/Project/Application/FaceRecognitionPart/cmake-3.27.7/Utilities/cmliblzma/liblzma/api][1][1][1][v5.2.5()]
//Details about finding NGHTTP2
FIND_PACKAGE_MESSAGE_DETAILS_NGHTTP2:INTERNAL=[cmnghttp2][D:/Project/Application/FaceRecognitionPart/cmake-3.27.7/Utilities/cmnghttp2/lib/includes][v()]
//Details about finding Threads
FIND_PACKAGE_MESSAGE_DETAILS_Threads:INTERNAL=[TRUE][v()]
//Details about finding ZLIB
FIND_PACKAGE_MESSAGE_DETAILS_ZLIB:INTERNAL=[cmzlib][D:/Project/Application/FaceRecognitionPart/cmake-3.27.7/Utilities][c ][v()]
//Have symbol basename
HAVE_BASENAME:INTERNAL=
//Curl test 
HAVE_BOOL_T:INTERNAL=1
//Curl test 
HAVE_CLOCK_GETTIME_MONOTONIC:INTERNAL=
//Result of TRY_COMPILE
HAVE_DEV_T:INTERNAL=TRUE
//Test HAVE_DIRENT_H
HAVE_DIRENT_H:INTERNAL=
//Curl test 
HAVE_FILE_OFFSET_BITS:INTERNAL=
//Have function fseeko
HAVE_FSEEKO:INTERNAL=
//Do not use inet_pton
HAVE_INET_PTON:INTERNAL=0
//Have includes windows.h;ws2tcpip.h;winsock2.h;wincrypt.h;inttypes.h;sys/stat.h;sys/types.h;sys/utime.h;fcntl.h;io.h;libgen.h
HAVE_LIBGEN_H:INTERNAL=
//Have include linux/tcp.h
HAVE_LINUX_TCP_H:INTERNAL=
//Have function mkstemp
HAVE_MKSTEMP:INTERNAL=
//Result of TRY_COMPILE
HAVE_MODE_T:INTERNAL=FALSE
//Test HAVE_NDIR_H
HAVE_NDIR_H:INTERNAL=
//Result of TRY_COMPILE
HAVE_OFF_T:INTERNAL=TRUE
//Result of TRY_COMPILE
HAVE_PID_T:INTERNAL=FALSE
//Have includes sys/types.h;ctype.h;direct.h;errno.h;fcntl.h;io.h;limits.h;locale.h;memory.h;process.h;pthread.h
HAVE_PTHREAD_H:INTERNAL=
//Result of TRY_COMPILE
HAVE_SIZEOF_CURL_OFF_T:INTERNAL=TRUE
//Result of TRY_COMPILE
HAVE_SIZEOF_OFF_T:INTERNAL=TRUE
//Result of TRY_COMPILE
HAVE_SIZEOF_SIZE_T:INTERNAL=TRUE
//Result of TRY_COMPILE
HAVE_SIZEOF_SSIZE_T:INTERNAL=FALSE
//Result of TRY_COMPILE
HAVE_SIZEOF_STRUCT_SOCKADDR_STORAGE:INTERNAL=TRUE
//Result of TRY_COMPILE
HAVE_SIZEOF_TIME_T:INTERNAL=TRUE
//Result of TRY_COMPILE
HAVE_SIZEOF_WCHAR_T:INTERNAL=TRUE
//Result of TRY_COMPILE
HAVE_SIZE_T:INTERNAL=TRUE
//Result of TRY_COMPILE
HAVE_SSIZE_T:INTERNAL=FALSE
//Have include strings.h
HAVE_STRINGS_H:INTERNAL=
//Have includes sys/types.h;ctype.h;direct.h;errno.h;fcntl.h;io.h;limits.h;locale.h;memory.h;process.h;signal.h;stdarg.h;stdlib.h;string.h;sys/cdefs.h
HAVE_SYS_CDEFS_H:INTERNAL=
//Test HAVE_SYS_DIR_H
HAVE_SYS_DIR_H:INTERNAL=
//Test HAVE_SYS_NDIR_H
HAVE_SYS_NDIR_H:INTERNAL=
//Have includes sys/types.h;ctype.h;direct.h;errno.h;fcntl.h;io.h;limits.h;locale.h;memory.h;process.h;signal.h;stdarg.h;stdlib.h;string.h;sys/param.h
HAVE_SYS_PARAM_H:INTERNAL=
//Have includes sys/types.h;ctype.h;direct.h;errno.h;fcntl.h;io.h;limits.h;locale.h;memory.h;process.h;signal.h;stdarg.h;stdlib.h;string.h;sys/stat.h;sys/time.h
HAVE_SYS_TIME_H:INTERNAL=
//Have includes windows.h;ws2tcpip.h;winsock2.h;wincrypt.h;inttypes.h;sys/stat.h;sys/types.h;sys/utime.h;fcntl.h;io.h;locale.h;setjmp.h;signal.h;stdbool.h;stdint.h;stdlib.h;string.h;time.h;unistd.h
HAVE_UNISTD_H:INTERNAL=
//Have includes sys/types.h;ctype.h;direct.h;errno.h;fcntl.h;io.h;limits.h;locale.h;memory.h;process.h;signal.h;stdarg.h;stdlib.h;string.h;sys/stat.h;sys/utime.h;time.h;utime.h
HAVE_UTIME_H:INTERNAL=
//Curl test 
HAVE_VARIADIC_MACROS_C99:INTERNAL=1
//Curl test 
HAVE_VARIADIC_MACROS_GCC:INTERNAL=
//Have function vprintf
HAVE_VPRINTF:INTERNAL=
//Have function wmemcmp
HAVE_WMEMCMP:INTERNAL=
//Have function wmemcpy
HAVE_WMEMCPY:INTERNAL=
//Have function wmemmove
HAVE_WMEMMOVE:INTERNAL=
//Have function _get_timezone
HAVE__GET_TIMEZONE:INTERNAL=1
//ADVANCED property for variable: HG_EXECUTABLE
HG_EXECUTABLE-ADVANCED:INTERNAL=1
//ADVANCED property for variable: HTTP_ONLY
HTTP_ONLY-ADVANCED:INTERNAL=1
//disables all protocols except HTTP (This overrides all CURL_DISABLE_*
// options)
HTTP_ONLY:INTERNAL=OFF
//ADVANCED property for variable: Java_IDLJ_EXECUTABLE
Java_IDLJ_EXECUTABLE-ADVANCED:INTERNAL=1
//ADVANCED property for variable: Java_JARSIGNER_EXECUTABLE
Java_JARSIGNER_EXECUTABLE-ADVANCED:INTERNAL=1
//ADVANCED property for variable: Java_JAR_EXECUTABLE
Java_JAR_EXECUTABLE-ADVANCED:INTERNAL=1
//ADVANCED property for variable: Java_JAVAC_EXECUTABLE
Java_JAVAC_EXECUTABLE-ADVANCED:INTERNAL=1
//ADVANCED property for variable: Java_JAVADOC_EXECUTABLE
Java_JAVADOC_EXECUTABLE-ADVANCED:INTERNAL=1
//ADVANCED property for variable: Java_JAVAH_EXECUTABLE
Java_JAVAH_EXECUTABLE-ADVANCED:INTERNAL=1
//ADVANCED property for variable: Java_JAVA_EXECUTABLE
Java_JAVA_EXECUTABLE-ADVANCED:INTERNAL=1
//Result of TRY_COMPILE
KWSYS_CXX_HAS_EXT_STDIO_FILEBUF_H_COMPILED:INTERNAL=FALSE
//Result of TRY_COMPILE
KWSYS_C_HAS_SSIZE_T_COMPILED:INTERNAL=FALSE
//Have symbol GetProcessMemoryInfo
KWSYS_SYS_HAS_PSAPI:INTERNAL=1
//Where to put the libraries for CMake
LIBRARY_OUTPUT_PATH:INTERNAL=
//ADVANCED property for variable: MAKECOMMAND
MAKECOMMAND-ADVANCED:INTERNAL=1
//ADVANCED property for variable: MEMORYCHECK_COMMAND
MEMORYCHECK_COMMAND-ADVANCED:INTERNAL=1
//ADVANCED property for variable: MEMORYCHECK_SUPPRESSIONS_FILE
MEMORYCHECK_SUPPRESSIONS_FILE-ADVANCED:INTERNAL=1
//CHECK_TYPE_SIZE: mode_t unknown
MODE_T:INTERNAL=
//CHECK_TYPE_SIZE: sizeof(off_t)
OFF_T:INTERNAL=4
//Enable picky compiler options
PICKY_COMPILER:INTERNAL=OFF
//CHECK_TYPE_SIZE: pid_t unknown
PID_T:INTERNAL=
//ADVANCED property for variable: PKG_CONFIG_ARGN
PKG_CONFIG_ARGN-ADVANCED:INTERNAL=1
//ADVANCED property for variable: PKG_CONFIG_EXECUTABLE
PKG_CONFIG_EXECUTABLE-ADVANCED:INTERNAL=1
//libarchive: No POSIX regular expression support
POSIX_REGEX_LIB:INTERNAL=
//ADVANCED property for variable: RANDOM_FILE
RANDOM_FILE-ADVANCED:INTERNAL=1
//Test SAFE_TO_DEFINE_EXTENSIONS
SAFE_TO_DEFINE_EXTENSIONS:INTERNAL=1
//ADVANCED property for variable: SITE
SITE-ADVANCED:INTERNAL=1
//CHECK_TYPE_SIZE: sizeof(curl_off_t)
SIZEOF_CURL_OFF_T:INTERNAL=8
//CHECK_TYPE_SIZE: sizeof(off_t)
SIZEOF_OFF_T:INTERNAL=4
//CHECK_TYPE_SIZE: sizeof(size_t)
SIZEOF_SIZE_T:INTERNAL=8
//CHECK_TYPE_SIZE: ssize_t unknown
SIZEOF_SSIZE_T:INTERNAL=
//CHECK_TYPE_SIZE: sizeof(struct sockaddr_storage)
SIZEOF_STRUCT_SOCKADDR_STORAGE:INTERNAL=128
//CHECK_TYPE_SIZE: sizeof(time_t)
SIZEOF_TIME_T:INTERNAL=8
//CHECK_TYPE_SIZE: sizeof(wchar_t)
SIZEOF_WCHAR_T:INTERNAL=2
//CHECK_TYPE_SIZE: sizeof(size_t)
SIZE_T:INTERNAL=8
//ADVANCED property for variable: SPHINX_FLAGS
SPHINX_FLAGS-ADVANCED:INTERNAL=1
//ADVANCED property for variable: SPHINX_TEXT
SPHINX_TEXT-ADVANCED:INTERNAL=1
//CHECK_TYPE_SIZE: ssize_t unknown
SSIZE_T:INTERNAL=
//ADVANCED property for variable: Subversion_SVN_EXECUTABLE
Subversion_SVN_EXECUTABLE-ADVANCED:INTERNAL=1
//Test TIME_WITH_SYS_TIME
TIME_WITH_SYS_TIME:INTERNAL=
//Macro USE_BZIP2_DLL is checked with
USE_BZIP2_DLL_WITH_LIB:INTERNAL=cmbzip2
//Macro USE_BZIP2_STATIC is checked with
USE_BZIP2_STATIC_WITH_LIB:INTERNAL=cmbzip2
//No curl Windows LDAP
USE_WIN32_LDAP:INTERNAL=OFF
//libarchive: Set Windows version to use (Windows only)
WINDOWS_VERSION:INTERNAL=WIN7
//Macro WITHOUT_ZLIB_DLL is checked with
WITHOUT_ZLIB_DLL_WITH_LIB:INTERNAL=ZLIB::ZLIB
//Macro ZLIB_DLL is checked with
ZLIB_DLL_WITH_LIB:INTERNAL=ZLIB::ZLIB
//Macro ZLIB_WINAPI is checked with
ZLIB_WINAPI_WITH_LIB:INTERNAL=ZLIB::ZLIB
//_FILE_OFFSET_BITS macro needed for large files
_FILE_OFFSET_BITS:INTERNAL=
//Compiler reason failure
_Python_Compiler_REASON_FAILURE:INTERNAL=
//Development reason failure
_Python_Development_REASON_FAILURE:INTERNAL=
//Path to a program.
_Python_EXECUTABLE:INTERNAL=C:/Program Files/WindowsApps/PythonSoftwareFoundation.Python.3.11_3.11.1776.0_x64__qbz5n2kfra8p0/python3.11.exe
//Python Properties
_Python_INTERPRETER_PROPERTIES:INTERNAL=Python;3;11;6;64;32;;cp311-win_amd64;;C:\Program Files\WindowsApps\PythonSoftwareFoundation.Python.3.11_3.11.1776.0_x64__qbz5n2kfra8p0\Lib;C:\Program Files\WindowsApps\PythonSoftwareFoundation.Python.3.11_3.11.1776.0_x64__qbz5n2kfra8p0\Lib;C:\Program Files\WindowsApps\PythonSoftwareFoundation.Python.3.11_3.11.1776.0_x64__qbz5n2kfra8p0\Lib\site-packages;C:\Program Files\WindowsApps\PythonSoftwareFoundation.Python.3.11_3.11.1776.0_x64__qbz5n2kfra8p0\Lib\site-packages
_Python_INTERPRETER_SIGNATURE:INTERNAL=bc374be29084787756646a4e09420a73
//NumPy reason failure
_Python_NumPy_REASON_FAILURE:INTERNAL=
//Result of TRY_COMPILE
__WITHOUT_FILE_OFFSET_BITS_64:INTERNAL=FALSE
//Result of TRY_COMPILE
__WITH_FILE_OFFSET_BITS_64:INTERNAL=FALSE
//Result of TRY_COMPILE
__stub:INTERNAL=FALSE

